<?xml version="1.0" encoding="UTF-8"?>
<!-- Generated by org.testng.reporters.JUnitReportReporter -->
<testsuite hostname="odp1402015" name="LinkedinSearchTest" tests="1" failures="0" timestamp="20 Oct 2020 16:49:17 GMT" time="23.556" errors="0">
  <testcase name="checkLinkedInSearchFunctionality" time="23.556" classname="LinkedinSearchTest"/>
</testsuite> <!-- LinkedinSearchTest -->
