<?xml version="1.0" encoding="UTF-8"?>
<!-- Generated by org.testng.reporters.JUnitReportReporter -->
<testsuite hostname="odp1402015" name="LinkedinMainLoginTests" tests="4" failures="0" timestamp="20 Oct 2020 16:49:17 GMT" time="87.564" errors="0">
  <testcase name="emptyUserEmailAndUserPasswordTest" time="28.322" classname="LinkedinMainLoginTests"/>
  <testcase name="checkSuccessfulLoginToLinkedin" time="19.447" classname="LinkedinMainLoginTests"/>
  <testcase name="checkLinkedInSearchFunctionality" time="20.160" classname="LinkedinMainLoginTests"/>
  <testcase name="negativeLoginTest" time="19.635" classname="LinkedinMainLoginTests"/>
</testsuite> <!-- LinkedinMainLoginTests -->
